<?xml version="1.0" encoding="UTF-8"?>
<testng-results total="2" passed="2" failed="0" skipped="0">
  <reporter-output>
  </reporter-output>
  <suite started-at="2022-11-08T11:35:31Z" name="Default suite" finished-at="2022-11-08T11:36:32Z" duration-ms="60810">
    <groups>
      <group name="cucumber">
        <method signature="AbstractTestNGCucumberTests.runScenario(io.cucumber.testng.PickleWrapper, io.cucumber.testng.FeatureWrapper)[pri:0, instance:runner.test_runner@36cda2c2]" name="runScenario" class="io.cucumber.testng.AbstractTestNGCucumberTests"/>
      </group> <!-- cucumber -->
    </groups>
    <test started-at="2022-11-08T11:35:31Z" name="Default test" finished-at="2022-11-08T11:36:32Z" duration-ms="60810">
      <class name="runner.test_runner">
        <test-method is-config="true" signature="setUpClass(org.testng.ITestContext)[pri:0, instance:runner.test_runner@36cda2c2]" started-at="2022-11-08T17:05:31Z" name="setUpClass" finished-at="2022-11-08T17:05:33Z" duration-ms="2007" status="PASS">
          <params>
            <param index="0">
              <value>
                <![CDATA[org.testng.TestRunner@17e9bc9e]]>
              </value>
            </param>
          </params>
          <reporter-output>
          </reporter-output>
        </test-method> <!-- setUpClass -->
        <test-method signature="runScenario(io.cucumber.testng.PickleWrapper, io.cucumber.testng.FeatureWrapper)[pri:0, instance:runner.test_runner@36cda2c2]" started-at="2022-11-08T17:05:33Z" name="runScenario" description="Runs Cucumber Scenarios" data-provider="scenarios" finished-at="2022-11-08T17:06:10Z" duration-ms="36638" status="PASS">
          <params>
            <param index="0">
              <value>
                <![CDATA["To Test login functionality with valid data"]]>
              </value>
            </param>
            <param index="1">
              <value>
                <![CDATA["Optional[Testing guru99 login]"]]>
              </value>
            </param>
          </params>
          <reporter-output>
          </reporter-output>
        </test-method> <!-- runScenario -->
        <test-method signature="runScenario(io.cucumber.testng.PickleWrapper, io.cucumber.testng.FeatureWrapper)[pri:0, instance:runner.test_runner@36cda2c2]" started-at="2022-11-08T17:06:10Z" name="runScenario" description="Runs Cucumber Scenarios" data-provider="scenarios" finished-at="2022-11-08T17:06:32Z" duration-ms="21948" status="PASS">
          <params>
            <param index="0">
              <value>
                <![CDATA["To Test login functionality with valid data"]]>
              </value>
            </param>
            <param index="1">
              <value>
                <![CDATA["Optional[Testing guru99 login]"]]>
              </value>
            </param>
          </params>
          <reporter-output>
          </reporter-output>
        </test-method> <!-- runScenario -->
        <test-method is-config="true" signature="tearDownClass()[pri:0, instance:runner.test_runner@36cda2c2]" started-at="2022-11-08T17:06:32Z" name="tearDownClass" finished-at="2022-11-08T17:06:32Z" duration-ms="144" status="PASS">
          <reporter-output>
          </reporter-output>
        </test-method> <!-- tearDownClass -->
      </class> <!-- runner.test_runner -->
    </test> <!-- Default test -->
  </suite> <!-- Default suite -->
</testng-results>
